<?xml version="1.0" encoding="UTF-8"?>
<testng-results ignored="0" total="10" passed="10" failed="0" skipped="0">
  <reporter-output>
  </reporter-output>
  <suite started-at="2024-03-29T00:49:18 CET" name="Default Suite" finished-at="2024-03-29T00:49:35 CET" duration-ms="17009">
    <groups>
    </groups>
    <test started-at="2024-03-29T00:49:18 CET" name="TestingPracticesTestNG" finished-at="2024-03-29T00:49:35 CET" duration-ms="17009">
      <class name="_06_POM.LoginTestPOM">
        <test-method is-config="true" signature="initialOperations()[pri:0, instance:_06_POM.LoginTestPOM@51cd7ffc]" started-at="2024-03-29T00:49:18 CET" name="initialOperations" finished-at="2024-03-29T00:49:20 CET" duration-ms="2176" status="PASS">
          <reporter-output>
          </reporter-output>
        </test-method> <!-- initialOperations -->
        <test-method is-config="true" signature="beforeMethod()[pri:0, instance:_06_POM.LoginTestPOM@51cd7ffc]" started-at="2024-03-29T00:49:20 CET" name="beforeMethod" finished-at="2024-03-29T00:49:20 CET" duration-ms="7" status="PASS">
          <reporter-output>
          </reporter-output>
        </test-method> <!-- beforeMethod -->
        <test-method signature="loginTest(java.lang.String,java.lang.String)[pri:0, instance:_06_POM.LoginTestPOM@51cd7ffc]" started-at="2024-03-29T00:49:20 CET" name="loginTest" data-provider="credentials" finished-at="2024-03-29T00:49:23 CET" duration-ms="2973" status="PASS">
          <params>
            <param index="0">
              <value>
                <![CDATA[standard_user]]>
              </value>
            </param>
            <param index="1">
              <value>
                <![CDATA[secret_sauce]]>
              </value>
            </param>
          </params>
          <reporter-output>
          </reporter-output>
        </test-method> <!-- loginTest -->
        <test-method is-config="true" signature="afterMethod(org.testng.ITestResult)[pri:0, instance:_06_POM.LoginTestPOM@51cd7ffc]" started-at="2024-03-29T00:49:23 CET" name="afterMethod" finished-at="2024-03-29T00:49:23 CET" duration-ms="3" status="PASS">
          <params>
            <param index="0">
              <value>
                <![CDATA[[TestResult name=loginTest status=SUCCESS method=LoginTestPOM.loginTest(java.lang.String,java.lang.String)[pri:0, instance:_06_POM.LoginTestPOM@51cd7ffc] output={null}]]]>
              </value>
            </param>
          </params>
          <reporter-output>
          </reporter-output>
        </test-method> <!-- afterMethod -->
        <test-method signature="loginTest(java.lang.String,java.lang.String)[pri:0, instance:_06_POM.LoginTestPOM@51cd7ffc]" started-at="2024-03-29T00:49:23 CET" name="loginTest" data-provider="credentials" finished-at="2024-03-29T00:49:23 CET" duration-ms="417" status="PASS">
          <params>
            <param index="0">
              <value>
                <![CDATA[fake_user_01]]>
              </value>
            </param>
            <param index="1">
              <value>
                <![CDATA[secret_sauce]]>
              </value>
            </param>
          </params>
          <reporter-output>
          </reporter-output>
        </test-method> <!-- loginTest -->
        <test-method is-config="true" signature="beforeMethod()[pri:0, instance:_06_POM.LoginTestPOM@51cd7ffc]" started-at="2024-03-29T00:49:23 CET" name="beforeMethod" finished-at="2024-03-29T00:49:23 CET" duration-ms="0" status="PASS">
          <reporter-output>
          </reporter-output>
        </test-method> <!-- beforeMethod -->
        <test-method is-config="true" signature="afterMethod(org.testng.ITestResult)[pri:0, instance:_06_POM.LoginTestPOM@51cd7ffc]" started-at="2024-03-29T00:49:23 CET" name="afterMethod" finished-at="2024-03-29T00:49:23 CET" duration-ms="1" status="PASS">
          <params>
            <param index="0">
              <value>
                <![CDATA[[TestResult name=loginTest status=SUCCESS method=LoginTestPOM.loginTest(java.lang.String,java.lang.String)[pri:0, instance:_06_POM.LoginTestPOM@51cd7ffc] output={null}]]]>
              </value>
            </param>
          </params>
          <reporter-output>
          </reporter-output>
        </test-method> <!-- afterMethod -->
        <test-method is-config="true" signature="beforeMethod()[pri:0, instance:_06_POM.LoginTestPOM@51cd7ffc]" started-at="2024-03-29T00:49:23 CET" name="beforeMethod" finished-at="2024-03-29T00:49:23 CET" duration-ms="1" status="PASS">
          <reporter-output>
          </reporter-output>
        </test-method> <!-- beforeMethod -->
        <test-method signature="loginTest(java.lang.String,java.lang.String)[pri:0, instance:_06_POM.LoginTestPOM@51cd7ffc]" started-at="2024-03-29T00:49:23 CET" name="loginTest" data-provider="credentials" finished-at="2024-03-29T00:49:24 CET" duration-ms="339" status="PASS">
          <params>
            <param index="0">
              <value>
                <![CDATA[error_user]]>
              </value>
            </param>
            <param index="1">
              <value>
                <![CDATA[fake_password_01]]>
              </value>
            </param>
          </params>
          <reporter-output>
          </reporter-output>
        </test-method> <!-- loginTest -->
        <test-method is-config="true" signature="afterMethod(org.testng.ITestResult)[pri:0, instance:_06_POM.LoginTestPOM@51cd7ffc]" started-at="2024-03-29T00:49:24 CET" name="afterMethod" finished-at="2024-03-29T00:49:24 CET" duration-ms="0" status="PASS">
          <params>
            <param index="0">
              <value>
                <![CDATA[[TestResult name=loginTest status=SUCCESS method=LoginTestPOM.loginTest(java.lang.String,java.lang.String)[pri:0, instance:_06_POM.LoginTestPOM@51cd7ffc] output={null}]]]>
              </value>
            </param>
          </params>
          <reporter-output>
          </reporter-output>
        </test-method> <!-- afterMethod -->
        <test-method signature="loginTest(java.lang.String,java.lang.String)[pri:0, instance:_06_POM.LoginTestPOM@51cd7ffc]" started-at="2024-03-29T00:49:24 CET" name="loginTest" data-provider="credentials" finished-at="2024-03-29T00:49:29 CET" duration-ms="5422" status="PASS">
          <params>
            <param index="0">
              <value>
                <![CDATA[performance_glitch_user]]>
              </value>
            </param>
            <param index="1">
              <value>
                <![CDATA[secret_sauce]]>
              </value>
            </param>
          </params>
          <reporter-output>
          </reporter-output>
        </test-method> <!-- loginTest -->
        <test-method is-config="true" signature="beforeMethod()[pri:0, instance:_06_POM.LoginTestPOM@51cd7ffc]" started-at="2024-03-29T00:49:24 CET" name="beforeMethod" finished-at="2024-03-29T00:49:24 CET" duration-ms="0" status="PASS">
          <reporter-output>
          </reporter-output>
        </test-method> <!-- beforeMethod -->
        <test-method is-config="true" signature="afterMethod(org.testng.ITestResult)[pri:0, instance:_06_POM.LoginTestPOM@51cd7ffc]" started-at="2024-03-29T00:49:29 CET" name="afterMethod" finished-at="2024-03-29T00:49:29 CET" duration-ms="3" status="PASS">
          <params>
            <param index="0">
              <value>
                <![CDATA[[TestResult name=loginTest status=SUCCESS method=LoginTestPOM.loginTest(java.lang.String,java.lang.String)[pri:0, instance:_06_POM.LoginTestPOM@51cd7ffc] output={null}]]]>
              </value>
            </param>
          </params>
          <reporter-output>
          </reporter-output>
        </test-method> <!-- afterMethod -->
        <test-method is-config="true" signature="beforeMethod()[pri:0, instance:_06_POM.LoginTestPOM@51cd7ffc]" started-at="2024-03-29T00:49:29 CET" name="beforeMethod" finished-at="2024-03-29T00:49:29 CET" duration-ms="1" status="PASS">
          <reporter-output>
          </reporter-output>
        </test-method> <!-- beforeMethod -->
        <test-method signature="loginTest(java.lang.String,java.lang.String)[pri:0, instance:_06_POM.LoginTestPOM@51cd7ffc]" started-at="2024-03-29T00:49:29 CET" name="loginTest" data-provider="credentials" finished-at="2024-03-29T00:49:29 CET" duration-ms="324" status="PASS">
          <params>
            <param index="0">
              <value>
                <![CDATA[fake_user_02]]>
              </value>
            </param>
            <param index="1">
              <value>
                <![CDATA[secret_sauce]]>
              </value>
            </param>
          </params>
          <reporter-output>
          </reporter-output>
        </test-method> <!-- loginTest -->
        <test-method is-config="true" signature="afterMethod(org.testng.ITestResult)[pri:0, instance:_06_POM.LoginTestPOM@51cd7ffc]" started-at="2024-03-29T00:49:29 CET" name="afterMethod" finished-at="2024-03-29T00:49:29 CET" duration-ms="1" status="PASS">
          <params>
            <param index="0">
              <value>
                <![CDATA[[TestResult name=loginTest status=SUCCESS method=LoginTestPOM.loginTest(java.lang.String,java.lang.String)[pri:0, instance:_06_POM.LoginTestPOM@51cd7ffc] output={null}]]]>
              </value>
            </param>
          </params>
          <reporter-output>
          </reporter-output>
        </test-method> <!-- afterMethod -->
        <test-method is-config="true" signature="beforeMethod()[pri:0, instance:_06_POM.LoginTestPOM@51cd7ffc]" started-at="2024-03-29T00:49:29 CET" name="beforeMethod" finished-at="2024-03-29T00:49:29 CET" duration-ms="1" status="PASS">
          <reporter-output>
          </reporter-output>
        </test-method> <!-- beforeMethod -->
        <test-method signature="loginTest(java.lang.String,java.lang.String)[pri:0, instance:_06_POM.LoginTestPOM@51cd7ffc]" started-at="2024-03-29T00:49:29 CET" name="loginTest" data-provider="credentials" finished-at="2024-03-29T00:49:30 CET" duration-ms="332" status="PASS">
          <params>
            <param index="0">
              <value>
                <![CDATA[error_user]]>
              </value>
            </param>
            <param index="1">
              <value>
                <![CDATA[secret_sauce]]>
              </value>
            </param>
          </params>
          <reporter-output>
          </reporter-output>
        </test-method> <!-- loginTest -->
        <test-method is-config="true" signature="afterMethod(org.testng.ITestResult)[pri:0, instance:_06_POM.LoginTestPOM@51cd7ffc]" started-at="2024-03-29T00:49:30 CET" name="afterMethod" finished-at="2024-03-29T00:49:30 CET" duration-ms="0" status="PASS">
          <params>
            <param index="0">
              <value>
                <![CDATA[[TestResult name=loginTest status=SUCCESS method=LoginTestPOM.loginTest(java.lang.String,java.lang.String)[pri:0, instance:_06_POM.LoginTestPOM@51cd7ffc] output={null}]]]>
              </value>
            </param>
          </params>
          <reporter-output>
          </reporter-output>
        </test-method> <!-- afterMethod -->
        <test-method signature="loginTest(java.lang.String,java.lang.String)[pri:0, instance:_06_POM.LoginTestPOM@51cd7ffc]" started-at="2024-03-29T00:49:30 CET" name="loginTest" data-provider="credentials" finished-at="2024-03-29T00:49:30 CET" duration-ms="315" status="PASS">
          <params>
            <param index="0">
              <value>
                <![CDATA[visual_user]]>
              </value>
            </param>
            <param index="1">
              <value>
                <![CDATA[fake_password_01]]>
              </value>
            </param>
          </params>
          <reporter-output>
          </reporter-output>
        </test-method> <!-- loginTest -->
        <test-method is-config="true" signature="beforeMethod()[pri:0, instance:_06_POM.LoginTestPOM@51cd7ffc]" started-at="2024-03-29T00:49:30 CET" name="beforeMethod" finished-at="2024-03-29T00:49:30 CET" duration-ms="0" status="PASS">
          <reporter-output>
          </reporter-output>
        </test-method> <!-- beforeMethod -->
        <test-method is-config="true" signature="afterMethod(org.testng.ITestResult)[pri:0, instance:_06_POM.LoginTestPOM@51cd7ffc]" started-at="2024-03-29T00:49:30 CET" name="afterMethod" finished-at="2024-03-29T00:49:30 CET" duration-ms="1" status="PASS">
          <params>
            <param index="0">
              <value>
                <![CDATA[[TestResult name=loginTest status=SUCCESS method=LoginTestPOM.loginTest(java.lang.String,java.lang.String)[pri:0, instance:_06_POM.LoginTestPOM@51cd7ffc] output={null}]]]>
              </value>
            </param>
          </params>
          <reporter-output>
          </reporter-output>
        </test-method> <!-- afterMethod -->
        <test-method signature="loginTest(java.lang.String,java.lang.String)[pri:0, instance:_06_POM.LoginTestPOM@51cd7ffc]" started-at="2024-03-29T00:49:30 CET" name="loginTest" data-provider="credentials" finished-at="2024-03-29T00:49:30 CET" duration-ms="350" status="PASS">
          <params>
            <param index="0">
              <value>
                <![CDATA[visual_user]]>
              </value>
            </param>
            <param index="1">
              <value>
                <![CDATA[secret_sauce]]>
              </value>
            </param>
          </params>
          <reporter-output>
          </reporter-output>
        </test-method> <!-- loginTest -->
        <test-method is-config="true" signature="beforeMethod()[pri:0, instance:_06_POM.LoginTestPOM@51cd7ffc]" started-at="2024-03-29T00:49:30 CET" name="beforeMethod" finished-at="2024-03-29T00:49:30 CET" duration-ms="0" status="PASS">
          <reporter-output>
          </reporter-output>
        </test-method> <!-- beforeMethod -->
        <test-method is-config="true" signature="afterMethod(org.testng.ITestResult)[pri:0, instance:_06_POM.LoginTestPOM@51cd7ffc]" started-at="2024-03-29T00:49:30 CET" name="afterMethod" finished-at="2024-03-29T00:49:30 CET" duration-ms="1" status="PASS">
          <params>
            <param index="0">
              <value>
                <![CDATA[[TestResult name=loginTest status=SUCCESS method=LoginTestPOM.loginTest(java.lang.String,java.lang.String)[pri:0, instance:_06_POM.LoginTestPOM@51cd7ffc] output={null}]]]>
              </value>
            </param>
          </params>
          <reporter-output>
          </reporter-output>
        </test-method> <!-- afterMethod -->
        <test-method signature="loginTest(java.lang.String,java.lang.String)[pri:0, instance:_06_POM.LoginTestPOM@51cd7ffc]" started-at="2024-03-29T00:49:30 CET" name="loginTest" data-provider="credentials" finished-at="2024-03-29T00:49:31 CET" duration-ms="334" status="PASS">
          <params>
            <param index="0">
              <value>
                <![CDATA[problem_user]]>
              </value>
            </param>
            <param index="1">
              <value>
                <![CDATA[secret_sauce]]>
              </value>
            </param>
          </params>
          <reporter-output>
          </reporter-output>
        </test-method> <!-- loginTest -->
        <test-method is-config="true" signature="beforeMethod()[pri:0, instance:_06_POM.LoginTestPOM@51cd7ffc]" started-at="2024-03-29T00:49:30 CET" name="beforeMethod" finished-at="2024-03-29T00:49:30 CET" duration-ms="0" status="PASS">
          <reporter-output>
          </reporter-output>
        </test-method> <!-- beforeMethod -->
        <test-method is-config="true" signature="afterMethod(org.testng.ITestResult)[pri:0, instance:_06_POM.LoginTestPOM@51cd7ffc]" started-at="2024-03-29T00:49:31 CET" name="afterMethod" finished-at="2024-03-29T00:49:31 CET" duration-ms="2" status="PASS">
          <params>
            <param index="0">
              <value>
                <![CDATA[[TestResult name=loginTest status=SUCCESS method=LoginTestPOM.loginTest(java.lang.String,java.lang.String)[pri:0, instance:_06_POM.LoginTestPOM@51cd7ffc] output={null}]]]>
              </value>
            </param>
          </params>
          <reporter-output>
          </reporter-output>
        </test-method> <!-- afterMethod -->
        <test-method signature="loginTest(java.lang.String,java.lang.String)[pri:0, instance:_06_POM.LoginTestPOM@51cd7ffc]" started-at="2024-03-29T00:49:31 CET" name="loginTest" data-provider="credentials" finished-at="2024-03-29T00:49:31 CET" duration-ms="302" status="PASS">
          <params>
            <param index="0">
              <value>
                <![CDATA[locked_out_user]]>
              </value>
            </param>
            <param index="1">
              <value>
                <![CDATA[secret_sauce]]>
              </value>
            </param>
          </params>
          <reporter-output>
          </reporter-output>
        </test-method> <!-- loginTest -->
        <test-method is-config="true" signature="beforeMethod()[pri:0, instance:_06_POM.LoginTestPOM@51cd7ffc]" started-at="2024-03-29T00:49:31 CET" name="beforeMethod" finished-at="2024-03-29T00:49:31 CET" duration-ms="0" status="PASS">
          <reporter-output>
          </reporter-output>
        </test-method> <!-- beforeMethod -->
        <test-method is-config="true" signature="afterMethod(org.testng.ITestResult)[pri:0, instance:_06_POM.LoginTestPOM@51cd7ffc]" started-at="2024-03-29T00:49:31 CET" name="afterMethod" finished-at="2024-03-29T00:49:31 CET" duration-ms="1" status="PASS">
          <params>
            <param index="0">
              <value>
                <![CDATA[[TestResult name=loginTest status=SUCCESS method=LoginTestPOM.loginTest(java.lang.String,java.lang.String)[pri:0, instance:_06_POM.LoginTestPOM@51cd7ffc] output={null}]]]>
              </value>
            </param>
          </params>
          <reporter-output>
          </reporter-output>
        </test-method> <!-- afterMethod -->
        <test-method is-config="true" signature="finishingOperations()[pri:0, instance:_06_POM.LoginTestPOM@51cd7ffc]" started-at="2024-03-29T00:49:31 CET" name="finishingOperations" finished-at="2024-03-29T00:49:35 CET" duration-ms="3624" status="PASS">
          <reporter-output>
          </reporter-output>
        </test-method> <!-- finishingOperations -->
      </class> <!-- _06_POM.LoginTestPOM -->
    </test> <!-- TestingPracticesTestNG -->
  </suite> <!-- Default Suite -->
</testng-results>
