<?xml version="1.0" encoding="UTF-8"?>
<testng-results ignored="0" total="10" passed="10" failed="0" skipped="0">
  <reporter-output>
  </reporter-output>
  <suite started-at="2024-03-25T17:40:52 CET" name="Default Suite" finished-at="2024-03-25T17:41:08 CET" duration-ms="16122">
    <groups>
    </groups>
    <test started-at="2024-03-25T17:40:52 CET" name="TestingPracticesTestNG" finished-at="2024-03-25T17:41:08 CET" duration-ms="16122">
      <class name="_06_POM.LoginTestPOM">
        <test-method is-config="true" signature="initialOperations()[pri:0, instance:_06_POM.LoginTestPOM@590c73d3]" started-at="2024-03-25T17:40:52 CET" name="initialOperations" finished-at="2024-03-25T17:40:54 CET" duration-ms="1721" status="PASS">
          <reporter-output>
          </reporter-output>
        </test-method> <!-- initialOperations -->
        <test-method is-config="true" signature="beforeMethod()[pri:0, instance:_06_POM.LoginTestPOM@590c73d3]" started-at="2024-03-25T17:40:54 CET" name="beforeMethod" finished-at="2024-03-25T17:40:54 CET" duration-ms="9" status="PASS">
          <reporter-output>
          </reporter-output>
        </test-method> <!-- beforeMethod -->
        <test-method signature="loginTest(java.lang.String,java.lang.String)[pri:0, instance:_06_POM.LoginTestPOM@590c73d3]" started-at="2024-03-25T17:40:54 CET" name="loginTest" data-provider="credentials" finished-at="2024-03-25T17:40:57 CET" duration-ms="2977" status="PASS">
          <params>
            <param index="0">
              <value>
                <![CDATA[standard_user]]>
              </value>
            </param>
            <param index="1">
              <value>
                <![CDATA[secret_sauce]]>
              </value>
            </param>
          </params>
          <reporter-output>
          </reporter-output>
        </test-method> <!-- loginTest -->
        <test-method is-config="true" signature="afterMethod(org.testng.ITestResult)[pri:0, instance:_06_POM.LoginTestPOM@590c73d3]" started-at="2024-03-25T17:40:57 CET" name="afterMethod" finished-at="2024-03-25T17:40:57 CET" duration-ms="1" status="PASS">
          <params>
            <param index="0">
              <value>
                <![CDATA[[TestResult name=loginTest status=SUCCESS method=LoginTestPOM.loginTest(java.lang.String,java.lang.String)[pri:0, instance:_06_POM.LoginTestPOM@590c73d3] output={null}]]]>
              </value>
            </param>
          </params>
          <reporter-output>
          </reporter-output>
        </test-method> <!-- afterMethod -->
        <test-method signature="loginTest(java.lang.String,java.lang.String)[pri:0, instance:_06_POM.LoginTestPOM@590c73d3]" started-at="2024-03-25T17:40:57 CET" name="loginTest" data-provider="credentials" finished-at="2024-03-25T17:40:57 CET" duration-ms="366" status="PASS">
          <params>
            <param index="0">
              <value>
                <![CDATA[fake_user_01]]>
              </value>
            </param>
            <param index="1">
              <value>
                <![CDATA[secret_sauce]]>
              </value>
            </param>
          </params>
          <reporter-output>
          </reporter-output>
        </test-method> <!-- loginTest -->
        <test-method is-config="true" signature="beforeMethod()[pri:0, instance:_06_POM.LoginTestPOM@590c73d3]" started-at="2024-03-25T17:40:57 CET" name="beforeMethod" finished-at="2024-03-25T17:40:57 CET" duration-ms="0" status="PASS">
          <reporter-output>
          </reporter-output>
        </test-method> <!-- beforeMethod -->
        <test-method is-config="true" signature="afterMethod(org.testng.ITestResult)[pri:0, instance:_06_POM.LoginTestPOM@590c73d3]" started-at="2024-03-25T17:40:57 CET" name="afterMethod" finished-at="2024-03-25T17:40:57 CET" duration-ms="0" status="PASS">
          <params>
            <param index="0">
              <value>
                <![CDATA[[TestResult name=loginTest status=SUCCESS method=LoginTestPOM.loginTest(java.lang.String,java.lang.String)[pri:0, instance:_06_POM.LoginTestPOM@590c73d3] output={null}]]]>
              </value>
            </param>
          </params>
          <reporter-output>
          </reporter-output>
        </test-method> <!-- afterMethod -->
        <test-method is-config="true" signature="beforeMethod()[pri:0, instance:_06_POM.LoginTestPOM@590c73d3]" started-at="2024-03-25T17:40:57 CET" name="beforeMethod" finished-at="2024-03-25T17:40:57 CET" duration-ms="1" status="PASS">
          <reporter-output>
          </reporter-output>
        </test-method> <!-- beforeMethod -->
        <test-method signature="loginTest(java.lang.String,java.lang.String)[pri:0, instance:_06_POM.LoginTestPOM@590c73d3]" started-at="2024-03-25T17:40:57 CET" name="loginTest" data-provider="credentials" finished-at="2024-03-25T17:40:58 CET" duration-ms="285" status="PASS">
          <params>
            <param index="0">
              <value>
                <![CDATA[error_user]]>
              </value>
            </param>
            <param index="1">
              <value>
                <![CDATA[fake_password_01]]>
              </value>
            </param>
          </params>
          <reporter-output>
          </reporter-output>
        </test-method> <!-- loginTest -->
        <test-method is-config="true" signature="afterMethod(org.testng.ITestResult)[pri:0, instance:_06_POM.LoginTestPOM@590c73d3]" started-at="2024-03-25T17:40:58 CET" name="afterMethod" finished-at="2024-03-25T17:40:58 CET" duration-ms="1" status="PASS">
          <params>
            <param index="0">
              <value>
                <![CDATA[[TestResult name=loginTest status=SUCCESS method=LoginTestPOM.loginTest(java.lang.String,java.lang.String)[pri:0, instance:_06_POM.LoginTestPOM@590c73d3] output={null}]]]>
              </value>
            </param>
          </params>
          <reporter-output>
          </reporter-output>
        </test-method> <!-- afterMethod -->
        <test-method signature="loginTest(java.lang.String,java.lang.String)[pri:0, instance:_06_POM.LoginTestPOM@590c73d3]" started-at="2024-03-25T17:40:58 CET" name="loginTest" data-provider="credentials" finished-at="2024-03-25T17:41:03 CET" duration-ms="5358" status="PASS">
          <params>
            <param index="0">
              <value>
                <![CDATA[performance_glitch_user]]>
              </value>
            </param>
            <param index="1">
              <value>
                <![CDATA[secret_sauce]]>
              </value>
            </param>
          </params>
          <reporter-output>
          </reporter-output>
        </test-method> <!-- loginTest -->
        <test-method is-config="true" signature="beforeMethod()[pri:0, instance:_06_POM.LoginTestPOM@590c73d3]" started-at="2024-03-25T17:40:58 CET" name="beforeMethod" finished-at="2024-03-25T17:40:58 CET" duration-ms="0" status="PASS">
          <reporter-output>
          </reporter-output>
        </test-method> <!-- beforeMethod -->
        <test-method is-config="true" signature="afterMethod(org.testng.ITestResult)[pri:0, instance:_06_POM.LoginTestPOM@590c73d3]" started-at="2024-03-25T17:41:03 CET" name="afterMethod" finished-at="2024-03-25T17:41:03 CET" duration-ms="1" status="PASS">
          <params>
            <param index="0">
              <value>
                <![CDATA[[TestResult name=loginTest status=SUCCESS method=LoginTestPOM.loginTest(java.lang.String,java.lang.String)[pri:0, instance:_06_POM.LoginTestPOM@590c73d3] output={null}]]]>
              </value>
            </param>
          </params>
          <reporter-output>
          </reporter-output>
        </test-method> <!-- afterMethod -->
        <test-method is-config="true" signature="beforeMethod()[pri:0, instance:_06_POM.LoginTestPOM@590c73d3]" started-at="2024-03-25T17:41:03 CET" name="beforeMethod" finished-at="2024-03-25T17:41:03 CET" duration-ms="1" status="PASS">
          <reporter-output>
          </reporter-output>
        </test-method> <!-- beforeMethod -->
        <test-method signature="loginTest(java.lang.String,java.lang.String)[pri:0, instance:_06_POM.LoginTestPOM@590c73d3]" started-at="2024-03-25T17:41:03 CET" name="loginTest" data-provider="credentials" finished-at="2024-03-25T17:41:03 CET" duration-ms="322" status="PASS">
          <params>
            <param index="0">
              <value>
                <![CDATA[fake_user_02]]>
              </value>
            </param>
            <param index="1">
              <value>
                <![CDATA[secret_sauce]]>
              </value>
            </param>
          </params>
          <reporter-output>
          </reporter-output>
        </test-method> <!-- loginTest -->
        <test-method is-config="true" signature="afterMethod(org.testng.ITestResult)[pri:0, instance:_06_POM.LoginTestPOM@590c73d3]" started-at="2024-03-25T17:41:03 CET" name="afterMethod" finished-at="2024-03-25T17:41:03 CET" duration-ms="0" status="PASS">
          <params>
            <param index="0">
              <value>
                <![CDATA[[TestResult name=loginTest status=SUCCESS method=LoginTestPOM.loginTest(java.lang.String,java.lang.String)[pri:0, instance:_06_POM.LoginTestPOM@590c73d3] output={null}]]]>
              </value>
            </param>
          </params>
          <reporter-output>
          </reporter-output>
        </test-method> <!-- afterMethod -->
        <test-method signature="loginTest(java.lang.String,java.lang.String)[pri:0, instance:_06_POM.LoginTestPOM@590c73d3]" started-at="2024-03-25T17:41:03 CET" name="loginTest" data-provider="credentials" finished-at="2024-03-25T17:41:04 CET" duration-ms="342" status="PASS">
          <params>
            <param index="0">
              <value>
                <![CDATA[error_user]]>
              </value>
            </param>
            <param index="1">
              <value>
                <![CDATA[secret_sauce]]>
              </value>
            </param>
          </params>
          <reporter-output>
          </reporter-output>
        </test-method> <!-- loginTest -->
        <test-method is-config="true" signature="beforeMethod()[pri:0, instance:_06_POM.LoginTestPOM@590c73d3]" started-at="2024-03-25T17:41:03 CET" name="beforeMethod" finished-at="2024-03-25T17:41:03 CET" duration-ms="0" status="PASS">
          <reporter-output>
          </reporter-output>
        </test-method> <!-- beforeMethod -->
        <test-method is-config="true" signature="afterMethod(org.testng.ITestResult)[pri:0, instance:_06_POM.LoginTestPOM@590c73d3]" started-at="2024-03-25T17:41:04 CET" name="afterMethod" finished-at="2024-03-25T17:41:04 CET" duration-ms="4" status="PASS">
          <params>
            <param index="0">
              <value>
                <![CDATA[[TestResult name=loginTest status=SUCCESS method=LoginTestPOM.loginTest(java.lang.String,java.lang.String)[pri:0, instance:_06_POM.LoginTestPOM@590c73d3] output={null}]]]>
              </value>
            </param>
          </params>
          <reporter-output>
          </reporter-output>
        </test-method> <!-- afterMethod -->
        <test-method signature="loginTest(java.lang.String,java.lang.String)[pri:0, instance:_06_POM.LoginTestPOM@590c73d3]" started-at="2024-03-25T17:41:04 CET" name="loginTest" data-provider="credentials" finished-at="2024-03-25T17:41:04 CET" duration-ms="294" status="PASS">
          <params>
            <param index="0">
              <value>
                <![CDATA[visual_user]]>
              </value>
            </param>
            <param index="1">
              <value>
                <![CDATA[fake_password_01]]>
              </value>
            </param>
          </params>
          <reporter-output>
          </reporter-output>
        </test-method> <!-- loginTest -->
        <test-method is-config="true" signature="beforeMethod()[pri:0, instance:_06_POM.LoginTestPOM@590c73d3]" started-at="2024-03-25T17:41:04 CET" name="beforeMethod" finished-at="2024-03-25T17:41:04 CET" duration-ms="0" status="PASS">
          <reporter-output>
          </reporter-output>
        </test-method> <!-- beforeMethod -->
        <test-method is-config="true" signature="afterMethod(org.testng.ITestResult)[pri:0, instance:_06_POM.LoginTestPOM@590c73d3]" started-at="2024-03-25T17:41:04 CET" name="afterMethod" finished-at="2024-03-25T17:41:04 CET" duration-ms="0" status="PASS">
          <params>
            <param index="0">
              <value>
                <![CDATA[[TestResult name=loginTest status=SUCCESS method=LoginTestPOM.loginTest(java.lang.String,java.lang.String)[pri:0, instance:_06_POM.LoginTestPOM@590c73d3] output={null}]]]>
              </value>
            </param>
          </params>
          <reporter-output>
          </reporter-output>
        </test-method> <!-- afterMethod -->
        <test-method signature="loginTest(java.lang.String,java.lang.String)[pri:0, instance:_06_POM.LoginTestPOM@590c73d3]" started-at="2024-03-25T17:41:04 CET" name="loginTest" data-provider="credentials" finished-at="2024-03-25T17:41:04 CET" duration-ms="352" status="PASS">
          <params>
            <param index="0">
              <value>
                <![CDATA[visual_user]]>
              </value>
            </param>
            <param index="1">
              <value>
                <![CDATA[secret_sauce]]>
              </value>
            </param>
          </params>
          <reporter-output>
          </reporter-output>
        </test-method> <!-- loginTest -->
        <test-method is-config="true" signature="beforeMethod()[pri:0, instance:_06_POM.LoginTestPOM@590c73d3]" started-at="2024-03-25T17:41:04 CET" name="beforeMethod" finished-at="2024-03-25T17:41:04 CET" duration-ms="0" status="PASS">
          <reporter-output>
          </reporter-output>
        </test-method> <!-- beforeMethod -->
        <test-method is-config="true" signature="afterMethod(org.testng.ITestResult)[pri:0, instance:_06_POM.LoginTestPOM@590c73d3]" started-at="2024-03-25T17:41:04 CET" name="afterMethod" finished-at="2024-03-25T17:41:04 CET" duration-ms="0" status="PASS">
          <params>
            <param index="0">
              <value>
                <![CDATA[[TestResult name=loginTest status=SUCCESS method=LoginTestPOM.loginTest(java.lang.String,java.lang.String)[pri:0, instance:_06_POM.LoginTestPOM@590c73d3] output={null}]]]>
              </value>
            </param>
          </params>
          <reporter-output>
          </reporter-output>
        </test-method> <!-- afterMethod -->
        <test-method signature="loginTest(java.lang.String,java.lang.String)[pri:0, instance:_06_POM.LoginTestPOM@590c73d3]" started-at="2024-03-25T17:41:04 CET" name="loginTest" data-provider="credentials" finished-at="2024-03-25T17:41:05 CET" duration-ms="344" status="PASS">
          <params>
            <param index="0">
              <value>
                <![CDATA[problem_user]]>
              </value>
            </param>
            <param index="1">
              <value>
                <![CDATA[secret_sauce]]>
              </value>
            </param>
          </params>
          <reporter-output>
          </reporter-output>
        </test-method> <!-- loginTest -->
        <test-method is-config="true" signature="beforeMethod()[pri:0, instance:_06_POM.LoginTestPOM@590c73d3]" started-at="2024-03-25T17:41:04 CET" name="beforeMethod" finished-at="2024-03-25T17:41:04 CET" duration-ms="0" status="PASS">
          <reporter-output>
          </reporter-output>
        </test-method> <!-- beforeMethod -->
        <test-method is-config="true" signature="afterMethod(org.testng.ITestResult)[pri:0, instance:_06_POM.LoginTestPOM@590c73d3]" started-at="2024-03-25T17:41:05 CET" name="afterMethod" finished-at="2024-03-25T17:41:05 CET" duration-ms="3" status="PASS">
          <params>
            <param index="0">
              <value>
                <![CDATA[[TestResult name=loginTest status=SUCCESS method=LoginTestPOM.loginTest(java.lang.String,java.lang.String)[pri:0, instance:_06_POM.LoginTestPOM@590c73d3] output={null}]]]>
              </value>
            </param>
          </params>
          <reporter-output>
          </reporter-output>
        </test-method> <!-- afterMethod -->
        <test-method is-config="true" signature="beforeMethod()[pri:0, instance:_06_POM.LoginTestPOM@590c73d3]" started-at="2024-03-25T17:41:05 CET" name="beforeMethod" finished-at="2024-03-25T17:41:05 CET" duration-ms="1" status="PASS">
          <reporter-output>
          </reporter-output>
        </test-method> <!-- beforeMethod -->
        <test-method signature="loginTest(java.lang.String,java.lang.String)[pri:0, instance:_06_POM.LoginTestPOM@590c73d3]" started-at="2024-03-25T17:41:05 CET" name="loginTest" data-provider="credentials" finished-at="2024-03-25T17:41:05 CET" duration-ms="286" status="PASS">
          <params>
            <param index="0">
              <value>
                <![CDATA[locked_out_user]]>
              </value>
            </param>
            <param index="1">
              <value>
                <![CDATA[secret_sauce]]>
              </value>
            </param>
          </params>
          <reporter-output>
          </reporter-output>
        </test-method> <!-- loginTest -->
        <test-method is-config="true" signature="afterMethod(org.testng.ITestResult)[pri:0, instance:_06_POM.LoginTestPOM@590c73d3]" started-at="2024-03-25T17:41:05 CET" name="afterMethod" finished-at="2024-03-25T17:41:05 CET" duration-ms="0" status="PASS">
          <params>
            <param index="0">
              <value>
                <![CDATA[[TestResult name=loginTest status=SUCCESS method=LoginTestPOM.loginTest(java.lang.String,java.lang.String)[pri:0, instance:_06_POM.LoginTestPOM@590c73d3] output={null}]]]>
              </value>
            </param>
          </params>
          <reporter-output>
          </reporter-output>
        </test-method> <!-- afterMethod -->
        <test-method is-config="true" signature="finishingOperations()[pri:0, instance:_06_POM.LoginTestPOM@590c73d3]" started-at="2024-03-25T17:41:05 CET" name="finishingOperations" finished-at="2024-03-25T17:41:08 CET" duration-ms="3377" status="PASS">
          <reporter-output>
          </reporter-output>
        </test-method> <!-- finishingOperations -->
      </class> <!-- _06_POM.LoginTestPOM -->
    </test> <!-- TestingPracticesTestNG -->
  </suite> <!-- Default Suite -->
</testng-results>
