<?xml version="1.0" encoding="UTF-8"?>
<testng-results ignored="0" total="3" passed="3" failed="0" skipped="0">
  <reporter-output>
  </reporter-output>
  <suite started-at="2024-10-21T17:37:04 CEST" name="Default Suite" finished-at="2024-10-21T17:37:04 CEST" duration-ms="121">
    <groups>
    </groups>
    <test started-at="2024-10-21T17:37:04 CEST" name="TestingPractices_TestNG_UI" finished-at="2024-10-21T17:37:04 CEST" duration-ms="121">
      <class name="_12_HTMLReporting.SampleHTMLReportTest">
        <test-method signature="testLoginFailure()[pri:0, instance:_12_HTMLReporting.SampleHTMLReportTest@6b4a4e18]" started-at="2024-10-21T17:37:04 CEST" name="testLoginFailure" finished-at="2024-10-21T17:37:04 CEST" duration-ms="16" status="PASS">
          <reporter-output>
          </reporter-output>
        </test-method> <!-- testLoginFailure -->
        <test-method signature="testLoginSuccess()[pri:0, instance:_12_HTMLReporting.SampleHTMLReportTest@6b4a4e18]" started-at="2024-10-21T17:37:04 CEST" name="testLoginSuccess" finished-at="2024-10-21T17:37:04 CEST" duration-ms="2" status="PASS">
          <reporter-output>
          </reporter-output>
        </test-method> <!-- testLoginSuccess -->
        <test-method signature="testLogout()[pri:0, instance:_12_HTMLReporting.SampleHTMLReportTest@6b4a4e18]" started-at="2024-10-21T17:37:04 CEST" name="testLogout" finished-at="2024-10-21T17:37:04 CEST" duration-ms="2" status="PASS">
          <reporter-output>
          </reporter-output>
        </test-method> <!-- testLogout -->
      </class> <!-- _12_HTMLReporting.SampleHTMLReportTest -->
    </test> <!-- TestingPractices_TestNG_UI -->
  </suite> <!-- Default Suite -->
</testng-results>
